[2025-04-16T07:30:07.834Z] [31MERROR[39M: uncaughtException: Missing parameter name at 1: https://git.new/pathToRegexpError
TypeError: Missing parameter name at 1: https://git.new/pathToRegexpError
    at name (/home/abdelrahman-aboalkhair/Projects/WEB/code/donor-management-system/server/node_modules/path-to-regexp/src/index.ts:153:13)
    at lexer (/home/abdelrahman-aboalkhair/Projects/WEB/code/donor-management-system/server/node_modules/path-to-regexp/src/index.ts:171:21)
    at lexer.next (<anonymous>)
    at Iter.peek (/home/abdelrahman-aboalkhair/Projects/WEB/code/donor-management-system/server/node_modules/path-to-regexp/src/index.ts:188:32)
    at Iter.tryConsume (/home/abdelrahman-aboalkhair/Projects/WEB/code/donor-management-system/server/node_modules/path-to-regexp/src/index.ts:195:24)
    at Iter.text (/home/abdelrahman-aboalkhair/Projects/WEB/code/donor-management-system/server/node_modules/path-to-regexp/src/index.ts:213:26)
    at consume (/home/abdelrahman-aboalkhair/Projects/WEB/code/donor-management-system/server/node_modules/path-to-regexp/src/index.ts:285:23)
    at parse (/home/abdelrahman-aboalkhair/Projects/WEB/code/donor-management-system/server/node_modules/path-to-regexp/src/index.ts:320:18)
    at /home/abdelrahman-aboalkhair/Projects/WEB/code/donor-management-system/server/node_modules/path-to-regexp/src/index.ts:503:40
    at Array.map (<anonymous>)
[2025-04-16T07:30:57.473Z] [31MERROR[39M: uncaughtException: Missing parameter name at 2: https://git.new/pathToRegexpError
TypeError: Missing parameter name at 2: https://git.new/pathToRegexpError
    at name (/home/abdelrahman-aboalkhair/Projects/WEB/code/donor-management-system/server/node_modules/path-to-regexp/src/index.ts:153:13)
    at lexer (/home/abdelrahman-aboalkhair/Projects/WEB/code/donor-management-system/server/node_modules/path-to-regexp/src/index.ts:171:21)
    at lexer.next (<anonymous>)
    at Iter.peek (/home/abdelrahman-aboalkhair/Projects/WEB/code/donor-management-system/server/node_modules/path-to-regexp/src/index.ts:188:32)
    at Iter.tryConsume (/home/abdelrahman-aboalkhair/Projects/WEB/code/donor-management-system/server/node_modules/path-to-regexp/src/index.ts:195:24)
    at Iter.text (/home/abdelrahman-aboalkhair/Projects/WEB/code/donor-management-system/server/node_modules/path-to-regexp/src/index.ts:213:26)
    at consume (/home/abdelrahman-aboalkhair/Projects/WEB/code/donor-management-system/server/node_modules/path-to-regexp/src/index.ts:285:23)
    at parse (/home/abdelrahman-aboalkhair/Projects/WEB/code/donor-management-system/server/node_modules/path-to-regexp/src/index.ts:320:18)
    at /home/abdelrahman-aboalkhair/Projects/WEB/code/donor-management-system/server/node_modules/path-to-regexp/src/index.ts:503:40
    at Array.map (<anonymous>)
[2025-04-16T09:06:15.395Z] [31MERROR[39M: uncaughtException: тип Unable to compile TypeScript:
[96msrc/modules/donor/donor.controller.ts[0m:[93m9[0m:[93m25[0m - [91merror[0m[90m TS2554: [0mExpected 1 arguments, but got 0.

[7m9[0m     this.donorService = new DonorService();
[7m [0m [91m                        ~~~~~~~~~~~~~~~~~~[0m

  [96msrc/modules/donor/donor.service.ts[0m:[93m6[0m:[93m15[0m
    [7m6[0m   constructor(private donorRepository: DonorRepository) {}
    [7m [0m [96m              ~~~~~~~~~~~~~~~~~~~~~~~~~~~~~~~~~~~~~~~~[0m
    An argument for 'donorRepository' was not provided.

TSError: тип Unable to compile TypeScript:
[96msrc/modules/donor/donor.controller.ts[0m:[93m9[0m:[93m25[0m - [91merror[0m[90m TS2554: [0mExpected 1 arguments, but got 0.

[7m9[0m     this.donorService = new DonorService();
[7m [0m [91m                        ~~~~~~~~~~~~~~~~~~[0m

  [96msrc/modules/donor/donor.service.ts[0m:[93m6[0m:[93m15[0m
    [7m6[0m   constructor(private donorRepository: DonorRepository) {}
    [7m [0m [96m              ~~~~~~~~~~~~~~~~~~~~~~~~~~~~~~~~~~~~~~~~[0m
    An argument for 'donorRepository' was not provided.

    at createTSError (/home/abdelrahman-aboalkhair/Projects/WEB/code/donor-management-system/server/node_modules/ts-node/src/index.ts:859:12)
    at reportTSError (/home/abdelrahman-aboalkhair/Projects/WEB/code/donor-management-system/server/node_modules/ts-node/src/index.ts:863:19)
    at getOutput (/home/abdelrahman-aboalkhair/Projects/WEB/code/donor-management-system/server/node_modules/ts-node/src/index.ts:1077:36)
    at Object.compile (/home/abdelrahman-aboalkhair/Projects/WEB/code/donor-management-system/server/node_modules/ts-node/src/index.ts:1433:41)
    at Module.m._compile (/home/abdelrahman-aboalkhair/Projects/WEB/code/donor-management-system/server/node_modules/ts-node/src/index.ts:1617:30)
    at loadTS (node:internal/modules/cjs/loader:1815:10)
    at Object.require.extensions.<computed> [as .ts] (/home/abdelrahman-aboalkhair/Projects/WEB/code/donor-management-system/server/node_modules/ts-node/src/index.ts:1621:12)
    at Module.load (node:internal/modules/cjs/loader:1458:32)
    at Function._load (node:internal/modules/cjs/loader:1275:12)
    at TracingChannel.traceSync (node:diagnostics_channel:322:14)
[2025-04-16T09:06:40.054Z] [31MERROR[39M: uncaughtException: тип Unable to compile TypeScript:
[96msrc/modules/donor/donor.controller.ts[0m:[93m9[0m:[93m25[0m - [91merror[0m[90m TS2554: [0mExpected 1 arguments, but got 0.

[7m9[0m     this.donorService = new DonorService();
[7m [0m [91m                        ~~~~~~~~~~~~~~~~~~[0m

  [96msrc/modules/donor/donor.service.ts[0m:[93m6[0m:[93m15[0m
    [7m6[0m   constructor(private donorRepository: DonorRepository) {}
    [7m [0m [96m              ~~~~~~~~~~~~~~~~~~~~~~~~~~~~~~~~~~~~~~~~[0m
    An argument for 'donorRepository' was not provided.

TSError: тип Unable to compile TypeScript:
[96msrc/modules/donor/donor.controller.ts[0m:[93m9[0m:[93m25[0m - [91merror[0m[90m TS2554: [0mExpected 1 arguments, but got 0.

[7m9[0m     this.donorService = new DonorService();
[7m [0m [91m                        ~~~~~~~~~~~~~~~~~~[0m

  [96msrc/modules/donor/donor.service.ts[0m:[93m6[0m:[93m15[0m
    [7m6[0m   constructor(private donorRepository: DonorRepository) {}
    [7m [0m [96m              ~~~~~~~~~~~~~~~~~~~~~~~~~~~~~~~~~~~~~~~~[0m
    An argument for 'donorRepository' was not provided.

    at createTSError (/home/abdelrahman-aboalkhair/Projects/WEB/code/donor-management-system/server/node_modules/ts-node/src/index.ts:859:12)
    at reportTSError (/home/abdelrahman-aboalkhair/Projects/WEB/code/donor-management-system/server/node_modules/ts-node/src/index.ts:863:19)
    at getOutput (/home/abdelrahman-aboalkhair/Projects/WEB/code/donor-management-system/server/node_modules/ts-node/src/index.ts:1077:36)
    at Object.compile (/home/abdelrahman-aboalkhair/Projects/WEB/code/donor-management-system/server/node_modules/ts-node/src/index.ts:1433:41)
    at Module.m._compile (/home/abdelrahman-aboalkhair/Projects/WEB/code/donor-management-system/server/node_modules/ts-node/src/index.ts:1617:30)
    at loadTS (node:internal/modules/cjs/loader:1815:10)
    at Object.require.extensions.<computed> [as .ts] (/home/abdelrahman-aboalkhair/Projects/WEB/code/donor-management-system/server/node_modules/ts-node/src/index.ts:1621:12)
    at Module.load (node:internal/modules/cjs/loader:1458:32)
    at Function._load (node:internal/modules/cjs/loader:1275:12)
    at TracingChannel.traceSync (node:diagnostics_channel:322:14)
[2025-04-16T09:06:46.345Z] [31MERROR[39M: uncaughtException: тип Unable to compile TypeScript:
[96msrc/modules/donor/donor.controller.ts[0m:[93m9[0m:[93m25[0m - [91merror[0m[90m TS2554: [0mExpected 1 arguments, but got 0.

[7m9[0m     this.donorService = new DonorService();
[7m [0m [91m                        ~~~~~~~~~~~~~~~~~~[0m

  [96msrc/modules/donor/donor.service.ts[0m:[93m6[0m:[93m15[0m
    [7m6[0m   constructor(private donorRepository: DonorRepository) {}
    [7m [0m [96m              ~~~~~~~~~~~~~~~~~~~~~~~~~~~~~~~~~~~~~~~~[0m
    An argument for 'donorRepository' was not provided.

TSError: тип Unable to compile TypeScript:
[96msrc/modules/donor/donor.controller.ts[0m:[93m9[0m:[93m25[0m - [91merror[0m[90m TS2554: [0mExpected 1 arguments, but got 0.

[7m9[0m     this.donorService = new DonorService();
[7m [0m [91m                        ~~~~~~~~~~~~~~~~~~[0m

  [96msrc/modules/donor/donor.service.ts[0m:[93m6[0m:[93m15[0m
    [7m6[0m   constructor(private donorRepository: DonorRepository) {}
    [7m [0m [96m              ~~~~~~~~~~~~~~~~~~~~~~~~~~~~~~~~~~~~~~~~[0m
    An argument for 'donorRepository' was not provided.

    at createTSError (/home/abdelrahman-aboalkhair/Projects/WEB/code/donor-management-system/server/node_modules/ts-node/src/index.ts:859:12)
    at reportTSError (/home/abdelrahman-aboalkhair/Projects/WEB/code/donor-management-system/server/node_modules/ts-node/src/index.ts:863:19)
    at getOutput (/home/abdelrahman-aboalkhair/Projects/WEB/code/donor-management-system/server/node_modules/ts-node/src/index.ts:1077:36)
    at Object.compile (/home/abdelrahman-aboalkhair/Projects/WEB/code/donor-management-system/server/node_modules/ts-node/src/index.ts:1433:41)
    at Module.m._compile (/home/abdelrahman-aboalkhair/Projects/WEB/code/donor-management-system/server/node_modules/ts-node/src/index.ts:1617:30)
    at loadTS (node:internal/modules/cjs/loader:1815:10)
    at Object.require.extensions.<computed> [as .ts] (/home/abdelrahman-aboalkhair/Projects/WEB/code/donor-management-system/server/node_modules/ts-node/src/index.ts:1621:12)
    at Module.load (node:internal/modules/cjs/loader:1458:32)
    at Function._load (node:internal/modules/cjs/loader:1275:12)
    at TracingChannel.traceSync (node:diagnostics_channel:322:14)
[2025-04-16T09:06:55.498Z] [31MERROR[39M: uncaughtException: тип Unable to compile TypeScript:
[96msrc/modules/donor/donor.controller.ts[0m:[93m9[0m:[93m25[0m - [91merror[0m[90m TS2554: [0mExpected 1 arguments, but got 0.

[7m9[0m     this.donorService = new DonorService();
[7m [0m [91m                        ~~~~~~~~~~~~~~~~~~[0m

  [96msrc/modules/donor/donor.service.ts[0m:[93m6[0m:[93m15[0m
    [7m6[0m   constructor(private donorRepository: DonorRepository) {}
    [7m [0m [96m              ~~~~~~~~~~~~~~~~~~~~~~~~~~~~~~~~~~~~~~~~[0m
    An argument for 'donorRepository' was not provided.

TSError: тип Unable to compile TypeScript:
[96msrc/modules/donor/donor.controller.ts[0m:[93m9[0m:[93m25[0m - [91merror[0m[90m TS2554: [0mExpected 1 arguments, but got 0.

[7m9[0m     this.donorService = new DonorService();
[7m [0m [91m                        ~~~~~~~~~~~~~~~~~~[0m

  [96msrc/modules/donor/donor.service.ts[0m:[93m6[0m:[93m15[0m
    [7m6[0m   constructor(private donorRepository: DonorRepository) {}
    [7m [0m [96m              ~~~~~~~~~~~~~~~~~~~~~~~~~~~~~~~~~~~~~~~~[0m
    An argument for 'donorRepository' was not provided.

    at createTSError (/home/abdelrahman-aboalkhair/Projects/WEB/code/donor-management-system/server/node_modules/ts-node/src/index.ts:859:12)
    at reportTSError (/home/abdelrahman-aboalkhair/Projects/WEB/code/donor-management-system/server/node_modules/ts-node/src/index.ts:863:19)
    at getOutput (/home/abdelrahman-aboalkhair/Projects/WEB/code/donor-management-system/server/node_modules/ts-node/src/index.ts:1077:36)
    at Object.compile (/home/abdelrahman-aboalkhair/Projects/WEB/code/donor-management-system/server/node_modules/ts-node/src/index.ts:1433:41)
    at Module.m._compile (/home/abdelrahman-aboalkhair/Projects/WEB/code/donor-management-system/server/node_modules/ts-node/src/index.ts:1617:30)
    at loadTS (node:internal/modules/cjs/loader:1815:10)
    at Object.require.extensions.<computed> [as .ts] (/home/abdelrahman-aboalkhair/Projects/WEB/code/donor-management-system/server/node_modules/ts-node/src/index.ts:1621:12)
    at Module.load (node:internal/modules/cjs/loader:1458:32)
    at Function._load (node:internal/modules/cjs/loader:1275:12)
    at TracingChannel.traceSync (node:diagnostics_channel:322:14)
[2025-04-16T09:07:10.669Z] [31MERROR[39M: uncaughtException: тип Unable to compile TypeScript:
[96msrc/modules/donor/donor.routes.ts[0m:[93m6[0m:[93m25[0m - [91merror[0m[90m TS2554: [0mExpected 1 arguments, but got 0.

[7m6[0m const donorController = new DonorController();
[7m [0m [91m                        ~~~~~~~~~~~~~~~~~~~~~[0m

  [96msrc/modules/donor/donor.controller.ts[0m:[93m6[0m:[93m15[0m
    [7m6[0m   constructor(private donorService: DonorService) {}
    [7m [0m [96m              ~~~~~~~~~~~~~~~~~~~~~~~~~~~~~~~~~~[0m
    An argument for 'donorService' was not provided.

TSError: тип Unable to compile TypeScript:
[96msrc/modules/donor/donor.routes.ts[0m:[93m6[0m:[93m25[0m - [91merror[0m[90m TS2554: [0mExpected 1 arguments, but got 0.

[7m6[0m const donorController = new DonorController();
[7m [0m [91m                        ~~~~~~~~~~~~~~~~~~~~~[0m

  [96msrc/modules/donor/donor.controller.ts[0m:[93m6[0m:[93m15[0m
    [7m6[0m   constructor(private donorService: DonorService) {}
    [7m [0m [96m              ~~~~~~~~~~~~~~~~~~~~~~~~~~~~~~~~~~[0m
    An argument for 'donorService' was not provided.

    at createTSError (/home/abdelrahman-aboalkhair/Projects/WEB/code/donor-management-system/server/node_modules/ts-node/src/index.ts:859:12)
    at reportTSError (/home/abdelrahman-aboalkhair/Projects/WEB/code/donor-management-system/server/node_modules/ts-node/src/index.ts:863:19)
    at getOutput (/home/abdelrahman-aboalkhair/Projects/WEB/code/donor-management-system/server/node_modules/ts-node/src/index.ts:1077:36)
    at Object.compile (/home/abdelrahman-aboalkhair/Projects/WEB/code/donor-management-system/server/node_modules/ts-node/src/index.ts:1433:41)
    at Module.m._compile (/home/abdelrahman-aboalkhair/Projects/WEB/code/donor-management-system/server/node_modules/ts-node/src/index.ts:1617:30)
    at loadTS (node:internal/modules/cjs/loader:1815:10)
    at Object.require.extensions.<computed> [as .ts] (/home/abdelrahman-aboalkhair/Projects/WEB/code/donor-management-system/server/node_modules/ts-node/src/index.ts:1621:12)
    at Module.load (node:internal/modules/cjs/loader:1458:32)
    at Function._load (node:internal/modules/cjs/loader:1275:12)
    at TracingChannel.traceSync (node:diagnostics_channel:322:14)
[2025-04-16T09:07:33.308Z] [31MERROR[39M: uncaughtException: тип Unable to compile TypeScript:
[96msrc/modules/donor/donor.routes.ts[0m:[93m6[0m:[93m25[0m - [91merror[0m[90m TS2554: [0mExpected 1 arguments, but got 0.

[7m6[0m const donorController = new DonorController();
[7m [0m [91m                        ~~~~~~~~~~~~~~~~~~~~~[0m

  [96msrc/modules/donor/donor.controller.ts[0m:[93m6[0m:[93m15[0m
    [7m6[0m   constructor(private donorService: DonorService) {}
    [7m [0m [96m              ~~~~~~~~~~~~~~~~~~~~~~~~~~~~~~~~~~[0m
    An argument for 'donorService' was not provided.

TSError: тип Unable to compile TypeScript:
[96msrc/modules/donor/donor.routes.ts[0m:[93m6[0m:[93m25[0m - [91merror[0m[90m TS2554: [0mExpected 1 arguments, but got 0.

[7m6[0m const donorController = new DonorController();
[7m [0m [91m                        ~~~~~~~~~~~~~~~~~~~~~[0m

  [96msrc/modules/donor/donor.controller.ts[0m:[93m6[0m:[93m15[0m
    [7m6[0m   constructor(private donorService: DonorService) {}
    [7m [0m [96m              ~~~~~~~~~~~~~~~~~~~~~~~~~~~~~~~~~~[0m
    An argument for 'donorService' was not provided.

    at createTSError (/home/abdelrahman-aboalkhair/Projects/WEB/code/donor-management-system/server/node_modules/ts-node/src/index.ts:859:12)
    at reportTSError (/home/abdelrahman-aboalkhair/Projects/WEB/code/donor-management-system/server/node_modules/ts-node/src/index.ts:863:19)
    at getOutput (/home/abdelrahman-aboalkhair/Projects/WEB/code/donor-management-system/server/node_modules/ts-node/src/index.ts:1077:36)
    at Object.compile (/home/abdelrahman-aboalkhair/Projects/WEB/code/donor-management-system/server/node_modules/ts-node/src/index.ts:1433:41)
    at Module.m._compile (/home/abdelrahman-aboalkhair/Projects/WEB/code/donor-management-system/server/node_modules/ts-node/src/index.ts:1617:30)
    at loadTS (node:internal/modules/cjs/loader:1815:10)
    at Object.require.extensions.<computed> [as .ts] (/home/abdelrahman-aboalkhair/Projects/WEB/code/donor-management-system/server/node_modules/ts-node/src/index.ts:1621:12)
    at Module.load (node:internal/modules/cjs/loader:1458:32)
    at Function._load (node:internal/modules/cjs/loader:1275:12)
    at TracingChannel.traceSync (node:diagnostics_channel:322:14)
[2025-04-16T09:07:47.681Z] [31MERROR[39M: uncaughtException: тип Unable to compile TypeScript:
[96msrc/modules/donor/donor.routes.ts[0m:[93m6[0m:[93m25[0m - [91merror[0m[90m TS2554: [0mExpected 1 arguments, but got 0.

[7m6[0m const donorController = new DonorController();
[7m [0m [91m                        ~~~~~~~~~~~~~~~~~~~~~[0m

  [96msrc/modules/donor/donor.controller.ts[0m:[93m6[0m:[93m15[0m
    [7m6[0m   constructor(private donorService: DonorService) {}
    [7m [0m [96m              ~~~~~~~~~~~~~~~~~~~~~~~~~~~~~~~~~~[0m
    An argument for 'donorService' was not provided.

TSError: тип Unable to compile TypeScript:
[96msrc/modules/donor/donor.routes.ts[0m:[93m6[0m:[93m25[0m - [91merror[0m[90m TS2554: [0mExpected 1 arguments, but got 0.

[7m6[0m const donorController = new DonorController();
[7m [0m [91m                        ~~~~~~~~~~~~~~~~~~~~~[0m

  [96msrc/modules/donor/donor.controller.ts[0m:[93m6[0m:[93m15[0m
    [7m6[0m   constructor(private donorService: DonorService) {}
    [7m [0m [96m              ~~~~~~~~~~~~~~~~~~~~~~~~~~~~~~~~~~[0m
    An argument for 'donorService' was not provided.

    at createTSError (/home/abdelrahman-aboalkhair/Projects/WEB/code/donor-management-system/server/node_modules/ts-node/src/index.ts:859:12)
    at reportTSError (/home/abdelrahman-aboalkhair/Projects/WEB/code/donor-management-system/server/node_modules/ts-node/src/index.ts:863:19)
    at getOutput (/home/abdelrahman-aboalkhair/Projects/WEB/code/donor-management-system/server/node_modules/ts-node/src/index.ts:1077:36)
    at Object.compile (/home/abdelrahman-aboalkhair/Projects/WEB/code/donor-management-system/server/node_modules/ts-node/src/index.ts:1433:41)
    at Module.m._compile (/home/abdelrahman-aboalkhair/Projects/WEB/code/donor-management-system/server/node_modules/ts-node/src/index.ts:1617:30)
    at loadTS (node:internal/modules/cjs/loader:1815:10)
    at Object.require.extensions.<computed> [as .ts] (/home/abdelrahman-aboalkhair/Projects/WEB/code/donor-management-system/server/node_modules/ts-node/src/index.ts:1621:12)
    at Module.load (node:internal/modules/cjs/loader:1458:32)
    at Function._load (node:internal/modules/cjs/loader:1275:12)
    at TracingChannel.traceSync (node:diagnostics_channel:322:14)
[2025-04-16T09:08:04.415Z] [31MERROR[39M: uncaughtException: тип Unable to compile TypeScript:
[96msrc/modules/donor/donor.routes.ts[0m:[93m6[0m:[93m25[0m - [91merror[0m[90m TS2554: [0mExpected 1 arguments, but got 0.

[7m6[0m const donorController = new DonorController();
[7m [0m [91m                        ~~~~~~~~~~~~~~~~~~~~~[0m

  [96msrc/modules/donor/donor.controller.ts[0m:[93m6[0m:[93m15[0m
    [7m6[0m   constructor(private donorService: DonorService) {}
    [7m [0m [96m              ~~~~~~~~~~~~~~~~~~~~~~~~~~~~~~~~~~[0m
    An argument for 'donorService' was not provided.

TSError: тип Unable to compile TypeScript:
[96msrc/modules/donor/donor.routes.ts[0m:[93m6[0m:[93m25[0m - [91merror[0m[90m TS2554: [0mExpected 1 arguments, but got 0.

[7m6[0m const donorController = new DonorController();
[7m [0m [91m                        ~~~~~~~~~~~~~~~~~~~~~[0m

  [96msrc/modules/donor/donor.controller.ts[0m:[93m6[0m:[93m15[0m
    [7m6[0m   constructor(private donorService: DonorService) {}
    [7m [0m [96m              ~~~~~~~~~~~~~~~~~~~~~~~~~~~~~~~~~~[0m
    An argument for 'donorService' was not provided.

    at createTSError (/home/abdelrahman-aboalkhair/Projects/WEB/code/donor-management-system/server/node_modules/ts-node/src/index.ts:859:12)
    at reportTSError (/home/abdelrahman-aboalkhair/Projects/WEB/code/donor-management-system/server/node_modules/ts-node/src/index.ts:863:19)
    at getOutput (/home/abdelrahman-aboalkhair/Projects/WEB/code/donor-management-system/server/node_modules/ts-node/src/index.ts:1077:36)
    at Object.compile (/home/abdelrahman-aboalkhair/Projects/WEB/code/donor-management-system/server/node_modules/ts-node/src/index.ts:1433:41)
    at Module.m._compile (/home/abdelrahman-aboalkhair/Projects/WEB/code/donor-management-system/server/node_modules/ts-node/src/index.ts:1617:30)
    at loadTS (node:internal/modules/cjs/loader:1815:10)
    at Object.require.extensions.<computed> [as .ts] (/home/abdelrahman-aboalkhair/Projects/WEB/code/donor-management-system/server/node_modules/ts-node/src/index.ts:1621:12)
    at Module.load (node:internal/modules/cjs/loader:1458:32)
    at Function._load (node:internal/modules/cjs/loader:1275:12)
    at TracingChannel.traceSync (node:diagnostics_channel:322:14)
[2025-04-16T09:08:06.459Z] [31MERROR[39M: uncaughtException: тип Unable to compile TypeScript:
[96msrc/modules/donor/donor.routes.ts[0m:[93m6[0m:[93m25[0m - [91merror[0m[90m TS2554: [0mExpected 1 arguments, but got 0.

[7m6[0m const donorController = new DonorController();
[7m [0m [91m                        ~~~~~~~~~~~~~~~~~~~~~[0m

  [96msrc/modules/donor/donor.controller.ts[0m:[93m6[0m:[93m15[0m
    [7m6[0m   constructor(private donorService: DonorService) {}
    [7m [0m [96m              ~~~~~~~~~~~~~~~~~~~~~~~~~~~~~~~~~~[0m
    An argument for 'donorService' was not provided.

TSError: тип Unable to compile TypeScript:
[96msrc/modules/donor/donor.routes.ts[0m:[93m6[0m:[93m25[0m - [91merror[0m[90m TS2554: [0mExpected 1 arguments, but got 0.

[7m6[0m const donorController = new DonorController();
[7m [0m [91m                        ~~~~~~~~~~~~~~~~~~~~~[0m

  [96msrc/modules/donor/donor.controller.ts[0m:[93m6[0m:[93m15[0m
    [7m6[0m   constructor(private donorService: DonorService) {}
    [7m [0m [96m              ~~~~~~~~~~~~~~~~~~~~~~~~~~~~~~~~~~[0m
    An argument for 'donorService' was not provided.

    at createTSError (/home/abdelrahman-aboalkhair/Projects/WEB/code/donor-management-system/server/node_modules/ts-node/src/index.ts:859:12)
    at reportTSError (/home/abdelrahman-aboalkhair/Projects/WEB/code/donor-management-system/server/node_modules/ts-node/src/index.ts:863:19)
    at getOutput (/home/abdelrahman-aboalkhair/Projects/WEB/code/donor-management-system/server/node_modules/ts-node/src/index.ts:1077:36)
    at Object.compile (/home/abdelrahman-aboalkhair/Projects/WEB/code/donor-management-system/server/node_modules/ts-node/src/index.ts:1433:41)
    at Module.m._compile (/home/abdelrahman-aboalkhair/Projects/WEB/code/donor-management-system/server/node_modules/ts-node/src/index.ts:1617:30)
    at loadTS (node:internal/modules/cjs/loader:1815:10)
    at Object.require.extensions.<computed> [as .ts] (/home/abdelrahman-aboalkhair/Projects/WEB/code/donor-management-system/server/node_modules/ts-node/src/index.ts:1621:12)
    at Module.load (node:internal/modules/cjs/loader:1458:32)
    at Function._load (node:internal/modules/cjs/loader:1275:12)
    at TracingChannel.traceSync (node:diagnostics_channel:322:14)
[2025-04-16T09:08:09.215Z] [31MERROR[39M: uncaughtException: тип Unable to compile TypeScript:
[96msrc/modules/donor/donor.routes.ts[0m:[93m6[0m:[93m25[0m - [91merror[0m[90m TS2554: [0mExpected 1 arguments, but got 0.

[7m6[0m const donorController = new DonorController();
[7m [0m [91m                        ~~~~~~~~~~~~~~~~~~~~~[0m

  [96msrc/modules/donor/donor.controller.ts[0m:[93m6[0m:[93m15[0m
    [7m6[0m   constructor(private donorService: DonorService) {}
    [7m [0m [96m              ~~~~~~~~~~~~~~~~~~~~~~~~~~~~~~~~~~[0m
    An argument for 'donorService' was not provided.

TSError: тип Unable to compile TypeScript:
[96msrc/modules/donor/donor.routes.ts[0m:[93m6[0m:[93m25[0m - [91merror[0m[90m TS2554: [0mExpected 1 arguments, but got 0.

[7m6[0m const donorController = new DonorController();
[7m [0m [91m                        ~~~~~~~~~~~~~~~~~~~~~[0m

  [96msrc/modules/donor/donor.controller.ts[0m:[93m6[0m:[93m15[0m
    [7m6[0m   constructor(private donorService: DonorService) {}
    [7m [0m [96m              ~~~~~~~~~~~~~~~~~~~~~~~~~~~~~~~~~~[0m
    An argument for 'donorService' was not provided.

    at createTSError (/home/abdelrahman-aboalkhair/Projects/WEB/code/donor-management-system/server/node_modules/ts-node/src/index.ts:859:12)
    at reportTSError (/home/abdelrahman-aboalkhair/Projects/WEB/code/donor-management-system/server/node_modules/ts-node/src/index.ts:863:19)
    at getOutput (/home/abdelrahman-aboalkhair/Projects/WEB/code/donor-management-system/server/node_modules/ts-node/src/index.ts:1077:36)
    at Object.compile (/home/abdelrahman-aboalkhair/Projects/WEB/code/donor-management-system/server/node_modules/ts-node/src/index.ts:1433:41)
    at Module.m._compile (/home/abdelrahman-aboalkhair/Projects/WEB/code/donor-management-system/server/node_modules/ts-node/src/index.ts:1617:30)
    at loadTS (node:internal/modules/cjs/loader:1815:10)
    at Object.require.extensions.<computed> [as .ts] (/home/abdelrahman-aboalkhair/Projects/WEB/code/donor-management-system/server/node_modules/ts-node/src/index.ts:1621:12)
    at Module.load (node:internal/modules/cjs/loader:1458:32)
    at Function._load (node:internal/modules/cjs/loader:1275:12)
    at TracingChannel.traceSync (node:diagnostics_channel:322:14)
[2025-04-16T09:08:19.852Z] [31MERROR[39M: uncaughtException: тип Unable to compile TypeScript:
[96msrc/modules/donor/donor.routes.ts[0m:[93m6[0m:[93m25[0m - [91merror[0m[90m TS2554: [0mExpected 1 arguments, but got 0.

[7m6[0m const donorController = new DonorController();
[7m [0m [91m                        ~~~~~~~~~~~~~~~~~~~~~[0m

  [96msrc/modules/donor/donor.controller.ts[0m:[93m6[0m:[93m15[0m
    [7m6[0m   constructor(private donorService: DonorService) {}
    [7m [0m [96m              ~~~~~~~~~~~~~~~~~~~~~~~~~~~~~~~~~~[0m
    An argument for 'donorService' was not provided.

TSError: тип Unable to compile TypeScript:
[96msrc/modules/donor/donor.routes.ts[0m:[93m6[0m:[93m25[0m - [91merror[0m[90m TS2554: [0mExpected 1 arguments, but got 0.

[7m6[0m const donorController = new DonorController();
[7m [0m [91m                        ~~~~~~~~~~~~~~~~~~~~~[0m

  [96msrc/modules/donor/donor.controller.ts[0m:[93m6[0m:[93m15[0m
    [7m6[0m   constructor(private donorService: DonorService) {}
    [7m [0m [96m              ~~~~~~~~~~~~~~~~~~~~~~~~~~~~~~~~~~[0m
    An argument for 'donorService' was not provided.

    at createTSError (/home/abdelrahman-aboalkhair/Projects/WEB/code/donor-management-system/server/node_modules/ts-node/src/index.ts:859:12)
    at reportTSError (/home/abdelrahman-aboalkhair/Projects/WEB/code/donor-management-system/server/node_modules/ts-node/src/index.ts:863:19)
    at getOutput (/home/abdelrahman-aboalkhair/Projects/WEB/code/donor-management-system/server/node_modules/ts-node/src/index.ts:1077:36)
    at Object.compile (/home/abdelrahman-aboalkhair/Projects/WEB/code/donor-management-system/server/node_modules/ts-node/src/index.ts:1433:41)
    at Module.m._compile (/home/abdelrahman-aboalkhair/Projects/WEB/code/donor-management-system/server/node_modules/ts-node/src/index.ts:1617:30)
    at loadTS (node:internal/modules/cjs/loader:1815:10)
    at Object.require.extensions.<computed> [as .ts] (/home/abdelrahman-aboalkhair/Projects/WEB/code/donor-management-system/server/node_modules/ts-node/src/index.ts:1621:12)
    at Module.load (node:internal/modules/cjs/loader:1458:32)
    at Function._load (node:internal/modules/cjs/loader:1275:12)
    at TracingChannel.traceSync (node:diagnostics_channel:322:14)
[2025-04-16T09:08:31.967Z] [31MERROR[39M: uncaughtException: тип Unable to compile TypeScript:
[96msrc/modules/donor/donor.routes.ts[0m:[93m6[0m:[93m25[0m - [91merror[0m[90m TS2554: [0mExpected 1 arguments, but got 0.

[7m6[0m const donorController = new DonorController();
[7m [0m [91m                        ~~~~~~~~~~~~~~~~~~~~~[0m

  [96msrc/modules/donor/donor.controller.ts[0m:[93m6[0m:[93m15[0m
    [7m6[0m   constructor(private donorService: DonorService) {}
    [7m [0m [96m              ~~~~~~~~~~~~~~~~~~~~~~~~~~~~~~~~~~[0m
    An argument for 'donorService' was not provided.

TSError: тип Unable to compile TypeScript:
[96msrc/modules/donor/donor.routes.ts[0m:[93m6[0m:[93m25[0m - [91merror[0m[90m TS2554: [0mExpected 1 arguments, but got 0.

[7m6[0m const donorController = new DonorController();
[7m [0m [91m                        ~~~~~~~~~~~~~~~~~~~~~[0m

  [96msrc/modules/donor/donor.controller.ts[0m:[93m6[0m:[93m15[0m
    [7m6[0m   constructor(private donorService: DonorService) {}
    [7m [0m [96m              ~~~~~~~~~~~~~~~~~~~~~~~~~~~~~~~~~~[0m
    An argument for 'donorService' was not provided.

    at createTSError (/home/abdelrahman-aboalkhair/Projects/WEB/code/donor-management-system/server/node_modules/ts-node/src/index.ts:859:12)
    at reportTSError (/home/abdelrahman-aboalkhair/Projects/WEB/code/donor-management-system/server/node_modules/ts-node/src/index.ts:863:19)
    at getOutput (/home/abdelrahman-aboalkhair/Projects/WEB/code/donor-management-system/server/node_modules/ts-node/src/index.ts:1077:36)
    at Object.compile (/home/abdelrahman-aboalkhair/Projects/WEB/code/donor-management-system/server/node_modules/ts-node/src/index.ts:1433:41)
    at Module.m._compile (/home/abdelrahman-aboalkhair/Projects/WEB/code/donor-management-system/server/node_modules/ts-node/src/index.ts:1617:30)
    at loadTS (node:internal/modules/cjs/loader:1815:10)
    at Object.require.extensions.<computed> [as .ts] (/home/abdelrahman-aboalkhair/Projects/WEB/code/donor-management-system/server/node_modules/ts-node/src/index.ts:1621:12)
    at Module.load (node:internal/modules/cjs/loader:1458:32)
    at Function._load (node:internal/modules/cjs/loader:1275:12)
    at TracingChannel.traceSync (node:diagnostics_channel:322:14)
[2025-04-16T09:08:34.189Z] [31MERROR[39M: uncaughtException: тип Unable to compile TypeScript:
[96msrc/modules/donor/donor.routes.ts[0m:[93m6[0m:[93m25[0m - [91merror[0m[90m TS2554: [0mExpected 1 arguments, but got 0.

[7m6[0m const donorController = new DonorController();
[7m [0m [91m                        ~~~~~~~~~~~~~~~~~~~~~[0m

  [96msrc/modules/donor/donor.controller.ts[0m:[93m6[0m:[93m15[0m
    [7m6[0m   constructor(private donorService: DonorService) {}
    [7m [0m [96m              ~~~~~~~~~~~~~~~~~~~~~~~~~~~~~~~~~~[0m
    An argument for 'donorService' was not provided.

TSError: тип Unable to compile TypeScript:
[96msrc/modules/donor/donor.routes.ts[0m:[93m6[0m:[93m25[0m - [91merror[0m[90m TS2554: [0mExpected 1 arguments, but got 0.

[7m6[0m const donorController = new DonorController();
[7m [0m [91m                        ~~~~~~~~~~~~~~~~~~~~~[0m

  [96msrc/modules/donor/donor.controller.ts[0m:[93m6[0m:[93m15[0m
    [7m6[0m   constructor(private donorService: DonorService) {}
    [7m [0m [96m              ~~~~~~~~~~~~~~~~~~~~~~~~~~~~~~~~~~[0m
    An argument for 'donorService' was not provided.

    at createTSError (/home/abdelrahman-aboalkhair/Projects/WEB/code/donor-management-system/server/node_modules/ts-node/src/index.ts:859:12)
    at reportTSError (/home/abdelrahman-aboalkhair/Projects/WEB/code/donor-management-system/server/node_modules/ts-node/src/index.ts:863:19)
    at getOutput (/home/abdelrahman-aboalkhair/Projects/WEB/code/donor-management-system/server/node_modules/ts-node/src/index.ts:1077:36)
    at Object.compile (/home/abdelrahman-aboalkhair/Projects/WEB/code/donor-management-system/server/node_modules/ts-node/src/index.ts:1433:41)
    at Module.m._compile (/home/abdelrahman-aboalkhair/Projects/WEB/code/donor-management-system/server/node_modules/ts-node/src/index.ts:1617:30)
    at loadTS (node:internal/modules/cjs/loader:1815:10)
    at Object.require.extensions.<computed> [as .ts] (/home/abdelrahman-aboalkhair/Projects/WEB/code/donor-management-system/server/node_modules/ts-node/src/index.ts:1621:12)
    at Module.load (node:internal/modules/cjs/loader:1458:32)
    at Function._load (node:internal/modules/cjs/loader:1275:12)
    at TracingChannel.traceSync (node:diagnostics_channel:322:14)
[2025-04-16T09:08:55.833Z] [31MERROR[39M: uncaughtException: тип Unable to compile TypeScript:
[96msrc/modules/donor/donor.routes.ts[0m:[93m6[0m:[93m25[0m - [91merror[0m[90m TS2554: [0mExpected 1 arguments, but got 0.

[7m6[0m const donorController = new DonorController();
[7m [0m [91m                        ~~~~~~~~~~~~~~~~~~~~~[0m

  [96msrc/modules/donor/donor.controller.ts[0m:[93m6[0m:[93m15[0m
    [7m6[0m   constructor(private donorService: DonorService) {}
    [7m [0m [96m              ~~~~~~~~~~~~~~~~~~~~~~~~~~~~~~~~~~[0m
    An argument for 'donorService' was not provided.

TSError: тип Unable to compile TypeScript:
[96msrc/modules/donor/donor.routes.ts[0m:[93m6[0m:[93m25[0m - [91merror[0m[90m TS2554: [0mExpected 1 arguments, but got 0.

[7m6[0m const donorController = new DonorController();
[7m [0m [91m                        ~~~~~~~~~~~~~~~~~~~~~[0m

  [96msrc/modules/donor/donor.controller.ts[0m:[93m6[0m:[93m15[0m
    [7m6[0m   constructor(private donorService: DonorService) {}
    [7m [0m [96m              ~~~~~~~~~~~~~~~~~~~~~~~~~~~~~~~~~~[0m
    An argument for 'donorService' was not provided.

    at createTSError (/home/abdelrahman-aboalkhair/Projects/WEB/code/donor-management-system/server/node_modules/ts-node/src/index.ts:859:12)
    at reportTSError (/home/abdelrahman-aboalkhair/Projects/WEB/code/donor-management-system/server/node_modules/ts-node/src/index.ts:863:19)
    at getOutput (/home/abdelrahman-aboalkhair/Projects/WEB/code/donor-management-system/server/node_modules/ts-node/src/index.ts:1077:36)
    at Object.compile (/home/abdelrahman-aboalkhair/Projects/WEB/code/donor-management-system/server/node_modules/ts-node/src/index.ts:1433:41)
    at Module.m._compile (/home/abdelrahman-aboalkhair/Projects/WEB/code/donor-management-system/server/node_modules/ts-node/src/index.ts:1617:30)
    at loadTS (node:internal/modules/cjs/loader:1815:10)
    at Object.require.extensions.<computed> [as .ts] (/home/abdelrahman-aboalkhair/Projects/WEB/code/donor-management-system/server/node_modules/ts-node/src/index.ts:1621:12)
    at Module.load (node:internal/modules/cjs/loader:1458:32)
    at Function._load (node:internal/modules/cjs/loader:1275:12)
    at TracingChannel.traceSync (node:diagnostics_channel:322:14)
[2025-04-16T09:09:07.065Z] [31MERROR[39M: uncaughtException: тип Unable to compile TypeScript:
[96msrc/modules/donor/donor.routes.ts[0m:[93m6[0m:[93m25[0m - [91merror[0m[90m TS2554: [0mExpected 1 arguments, but got 0.

[7m6[0m const donorController = new DonorController();
[7m [0m [91m                        ~~~~~~~~~~~~~~~~~~~~~[0m

  [96msrc/modules/donor/donor.controller.ts[0m:[93m6[0m:[93m15[0m
    [7m6[0m   constructor(private donorService: DonorService) {}
    [7m [0m [96m              ~~~~~~~~~~~~~~~~~~~~~~~~~~~~~~~~~~[0m
    An argument for 'donorService' was not provided.

TSError: тип Unable to compile TypeScript:
[96msrc/modules/donor/donor.routes.ts[0m:[93m6[0m:[93m25[0m - [91merror[0m[90m TS2554: [0mExpected 1 arguments, but got 0.

[7m6[0m const donorController = new DonorController();
[7m [0m [91m                        ~~~~~~~~~~~~~~~~~~~~~[0m

  [96msrc/modules/donor/donor.controller.ts[0m:[93m6[0m:[93m15[0m
    [7m6[0m   constructor(private donorService: DonorService) {}
    [7m [0m [96m              ~~~~~~~~~~~~~~~~~~~~~~~~~~~~~~~~~~[0m
    An argument for 'donorService' was not provided.

    at createTSError (/home/abdelrahman-aboalkhair/Projects/WEB/code/donor-management-system/server/node_modules/ts-node/src/index.ts:859:12)
    at reportTSError (/home/abdelrahman-aboalkhair/Projects/WEB/code/donor-management-system/server/node_modules/ts-node/src/index.ts:863:19)
    at getOutput (/home/abdelrahman-aboalkhair/Projects/WEB/code/donor-management-system/server/node_modules/ts-node/src/index.ts:1077:36)
    at Object.compile (/home/abdelrahman-aboalkhair/Projects/WEB/code/donor-management-system/server/node_modules/ts-node/src/index.ts:1433:41)
    at Module.m._compile (/home/abdelrahman-aboalkhair/Projects/WEB/code/donor-management-system/server/node_modules/ts-node/src/index.ts:1617:30)
    at loadTS (node:internal/modules/cjs/loader:1815:10)
    at Object.require.extensions.<computed> [as .ts] (/home/abdelrahman-aboalkhair/Projects/WEB/code/donor-management-system/server/node_modules/ts-node/src/index.ts:1621:12)
    at Module.load (node:internal/modules/cjs/loader:1458:32)
    at Function._load (node:internal/modules/cjs/loader:1275:12)
    at TracingChannel.traceSync (node:diagnostics_channel:322:14)
[2025-04-16T09:10:09.383Z] [31MERROR[39M: uncaughtException: тип Unable to compile TypeScript:
[96msrc/modules/donor/donor.routes.ts[0m:[93m6[0m:[93m25[0m - [91merror[0m[90m TS2554: [0mExpected 1 arguments, but got 0.

[7m6[0m const donorController = new DonorController();
[7m [0m [91m                        ~~~~~~~~~~~~~~~~~~~~~[0m

  [96msrc/modules/donor/donor.controller.ts[0m:[93m6[0m:[93m15[0m
    [7m6[0m   constructor(private donorService: DonorService) {}
    [7m [0m [96m              ~~~~~~~~~~~~~~~~~~~~~~~~~~~~~~~~~~[0m
    An argument for 'donorService' was not provided.

TSError: тип Unable to compile TypeScript:
[96msrc/modules/donor/donor.routes.ts[0m:[93m6[0m:[93m25[0m - [91merror[0m[90m TS2554: [0mExpected 1 arguments, but got 0.

[7m6[0m const donorController = new DonorController();
[7m [0m [91m                        ~~~~~~~~~~~~~~~~~~~~~[0m

  [96msrc/modules/donor/donor.controller.ts[0m:[93m6[0m:[93m15[0m
    [7m6[0m   constructor(private donorService: DonorService) {}
    [7m [0m [96m              ~~~~~~~~~~~~~~~~~~~~~~~~~~~~~~~~~~[0m
    An argument for 'donorService' was not provided.

    at createTSError (/home/abdelrahman-aboalkhair/Projects/WEB/code/donor-management-system/server/node_modules/ts-node/src/index.ts:859:12)
    at reportTSError (/home/abdelrahman-aboalkhair/Projects/WEB/code/donor-management-system/server/node_modules/ts-node/src/index.ts:863:19)
    at getOutput (/home/abdelrahman-aboalkhair/Projects/WEB/code/donor-management-system/server/node_modules/ts-node/src/index.ts:1077:36)
    at Object.compile (/home/abdelrahman-aboalkhair/Projects/WEB/code/donor-management-system/server/node_modules/ts-node/src/index.ts:1433:41)
    at Module.m._compile (/home/abdelrahman-aboalkhair/Projects/WEB/code/donor-management-system/server/node_modules/ts-node/src/index.ts:1617:30)
    at loadTS (node:internal/modules/cjs/loader:1815:10)
    at Object.require.extensions.<computed> [as .ts] (/home/abdelrahman-aboalkhair/Projects/WEB/code/donor-management-system/server/node_modules/ts-node/src/index.ts:1621:12)
    at Module.load (node:internal/modules/cjs/loader:1458:32)
    at Function._load (node:internal/modules/cjs/loader:1275:12)
    at TracingChannel.traceSync (node:diagnostics_channel:322:14)
